13:55:45 [main] DEBUG org.apache.poi.openxml4j.opc.PackageRelationshipCollection - Parsing relationship: /xl/_rels/workbook.xml.rels
13:55:45 [main] DEBUG org.apache.poi.openxml4j.opc.PackageRelationshipCollection - Parsing relationship: /_rels/.rels
13:55:47 [main] INFO  testCase.LoginTest - Test started...
13:55:47 [main] DEBUG testCase.LoginTest - Entering Username .....
13:55:48 [main] DEBUG testCase.LoginTest - Entering password .....
13:55:48 [main] DEBUG testCase.LoginTest - Clicked on  loginbutton .....
13:55:56 [main] INFO  testCase.LoginTest - Test started...
13:55:56 [main] DEBUG testCase.LoginTest - Entering Username .....
13:56:17 [main] INFO  testCase.LoginTest - Test started...
13:56:17 [main] DEBUG testCase.LoginTest - Entering Username .....
13:56:18 [main] DEBUG testCase.LoginTest - Entering password .....
13:56:18 [main] DEBUG testCase.LoginTest - Clicked on  loginbutton .....
13:56:19 [main] INFO  testCase.LoginTest - Test started...
13:56:19 [main] DEBUG testCase.LoginTest - Entering Username .....
14:05:19 [main] DEBUG org.apache.poi.openxml4j.opc.PackageRelationshipCollection - Parsing relationship: /xl/_rels/workbook.xml.rels
14:05:19 [main] DEBUG org.apache.poi.openxml4j.opc.PackageRelationshipCollection - Parsing relationship: /_rels/.rels
14:05:21 [main] INFO  testCase.LoginTest - Test started...
14:05:21 [main] DEBUG testCase.LoginTest - Entering Username .....
14:05:21 [main] DEBUG testCase.LoginTest - Entering password .....
14:05:22 [main] DEBUG testCase.LoginTest - Clicked on  loginbutton .....
14:05:26 [main] INFO  testCase.LoginTest - Test started...
14:05:26 [main] DEBUG testCase.LoginTest - Entering Username .....
14:05:51 [main] DEBUG testCase.LoginTest - Entering password .....
14:05:51 [main] DEBUG testCase.LoginTest - Clicked on  loginbutton .....
14:05:51 [main] INFO  testCase.LoginTest - Test started...
14:05:51 [main] DEBUG testCase.LoginTest - Entering Username .....
14:05:52 [main] DEBUG testCase.LoginTest - Entering password .....
14:05:52 [main] DEBUG testCase.LoginTest - Clicked on  loginbutton .....
14:05:52 [main] INFO  testCase.LoginTest - Test started...
14:05:52 [main] DEBUG testCase.LoginTest - Entering Username .....
14:05:53 [main] DEBUG testCase.LoginTest - Entering password .....
14:05:53 [main] DEBUG testCase.LoginTest - Clicked on  loginbutton .....
14:10:21 [main] DEBUG org.apache.poi.openxml4j.opc.PackageRelationshipCollection - Parsing relationship: /xl/_rels/workbook.xml.rels
14:10:21 [main] DEBUG org.apache.poi.openxml4j.opc.PackageRelationshipCollection - Parsing relationship: /_rels/.rels
14:10:23 [main] INFO  testCase.LoginTest - Test started...
14:10:23 [main] DEBUG testCase.LoginTest - Entering Username .....
14:10:23 [main] DEBUG testCase.LoginTest - Entering password .....
14:10:24 [main] DEBUG testCase.LoginTest - Clicked on  loginbutton .....
14:10:29 [main] INFO  testCase.LoginTest - Test started...
14:10:29 [main] DEBUG testCase.LoginTest - Entering Username .....
14:10:36 [main] DEBUG testCase.LoginTest - Entering password .....
14:10:36 [main] DEBUG testCase.LoginTest - Clicked on  loginbutton .....
14:10:36 [main] INFO  testCase.LoginTest - Test started...
14:10:36 [main] DEBUG testCase.LoginTest - Entering Username .....
14:10:37 [main] DEBUG testCase.LoginTest - Entering password .....
14:10:37 [main] DEBUG testCase.LoginTest - Clicked on  loginbutton .....
14:10:38 [main] INFO  testCase.LoginTest - Test started...
14:10:38 [main] DEBUG testCase.LoginTest - Entering Username .....
14:10:38 [main] DEBUG testCase.LoginTest - Entering password .....
14:10:39 [main] DEBUG testCase.LoginTest - Clicked on  loginbutton .....
14:10:39 [main] DEBUG testCase.LoginTest - Adding item into Cart.....
14:17:39 [main] DEBUG org.apache.poi.openxml4j.opc.PackageRelationshipCollection - Parsing relationship: /xl/_rels/workbook.xml.rels
14:17:39 [main] DEBUG org.apache.poi.openxml4j.opc.PackageRelationshipCollection - Parsing relationship: /_rels/.rels
14:17:40 [main] INFO  testCase.LoginTest - Test started...
14:17:40 [main] DEBUG testCase.LoginTest - Entering Username .....
14:17:40 [main] DEBUG testCase.LoginTest - Entering password .....
14:17:41 [main] DEBUG testCase.LoginTest - Clicked on  loginbutton .....
14:17:45 [main] INFO  testCase.LoginTest - Test started...
14:17:45 [main] DEBUG testCase.LoginTest - Entering Username .....
14:17:53 [main] DEBUG testCase.LoginTest - Entering password .....
14:17:54 [main] DEBUG testCase.LoginTest - Clicked on  loginbutton .....
14:17:54 [main] INFO  testCase.LoginTest - Test started...
14:17:54 [main] DEBUG testCase.LoginTest - Entering Username .....
14:17:54 [main] DEBUG testCase.LoginTest - Entering password .....
14:17:55 [main] DEBUG testCase.LoginTest - Clicked on  loginbutton .....
14:17:55 [main] INFO  testCase.LoginTest - Test started...
14:17:55 [main] DEBUG testCase.LoginTest - Entering Username .....
14:17:56 [main] DEBUG testCase.LoginTest - Entering password .....
14:17:56 [main] DEBUG testCase.LoginTest - Clicked on  loginbutton .....
14:17:56 [main] DEBUG testCase.LoginTest - Adding item into Cart.....
14:18:27 [main] DEBUG testCase.LoginTest - Clicked on burgerButton...t.....
14:23:21 [main] DEBUG org.apache.poi.openxml4j.opc.PackageRelationshipCollection - Parsing relationship: /xl/_rels/workbook.xml.rels
14:23:21 [main] DEBUG org.apache.poi.openxml4j.opc.PackageRelationshipCollection - Parsing relationship: /_rels/.rels
14:23:22 [main] INFO  testCase.LoginTest - Test started...
14:23:22 [main] DEBUG testCase.LoginTest - Entering Username .....
14:23:23 [main] DEBUG testCase.LoginTest - Entering password .....
14:23:23 [main] DEBUG testCase.LoginTest - Clicked on  loginbutton .....
14:23:28 [main] INFO  testCase.LoginTest - Test started...
14:23:28 [main] DEBUG testCase.LoginTest - Entering Username .....
14:23:38 [main] DEBUG testCase.LoginTest - Entering password .....
14:23:38 [main] DEBUG testCase.LoginTest - Clicked on  loginbutton .....
14:23:38 [main] INFO  testCase.LoginTest - Test started...
14:23:38 [main] DEBUG testCase.LoginTest - Entering Username .....
14:23:39 [main] DEBUG testCase.LoginTest - Entering password .....
14:23:39 [main] DEBUG testCase.LoginTest - Clicked on  loginbutton .....
14:23:39 [main] INFO  testCase.LoginTest - Test started...
14:23:39 [main] DEBUG testCase.LoginTest - Entering Username .....
14:23:40 [main] DEBUG testCase.LoginTest - Entering password .....
14:23:40 [main] DEBUG testCase.LoginTest - Clicked on  loginbutton .....
14:23:41 [main] DEBUG testCase.LoginTest - Adding item into Cart.....
14:27:26 [main] DEBUG org.apache.poi.openxml4j.opc.PackageRelationshipCollection - Parsing relationship: /xl/_rels/workbook.xml.rels
14:27:26 [main] DEBUG org.apache.poi.openxml4j.opc.PackageRelationshipCollection - Parsing relationship: /_rels/.rels
14:27:29 [main] INFO  testCase.LoginTest - Test started...
14:27:29 [main] DEBUG testCase.LoginTest - Entering Username .....
14:27:29 [main] DEBUG testCase.LoginTest - Entering password .....
14:27:30 [main] DEBUG testCase.LoginTest - Clicked on  loginbutton .....
14:27:52 [main] INFO  testCase.LoginTest - Test started...
14:27:52 [main] DEBUG testCase.LoginTest - Entering Username .....
14:28:05 [main] INFO  testCase.LoginTest - Test started...
14:28:05 [main] DEBUG testCase.LoginTest - Entering Username .....
14:28:06 [main] DEBUG testCase.LoginTest - Entering password .....
14:28:06 [main] DEBUG testCase.LoginTest - Clicked on  loginbutton .....
14:28:07 [main] INFO  testCase.LoginTest - Test started...
14:28:07 [main] DEBUG testCase.LoginTest - Entering Username .....
14:28:12 [main] DEBUG testCase.LoginTest - Entering password .....
14:28:13 [main] DEBUG testCase.LoginTest - Clicked on  loginbutton .....
14:28:18 [main] DEBUG testCase.LoginTest - Adding item into Cart.....
14:28:19 [main] DEBUG testCase.LoginTest - Clicked on titlet.....
14:28:19 [main] DEBUG testCase.LoginTest - Verify the title.....
14:28:19 [main] DEBUG testCase.LoginTest - Clicked on burgerButton...t.....
14:28:24 [main] DEBUG testCase.LoginTest - Clicked on logoutt.....
14:29:39 [main] DEBUG testCase.LoginTest - Clicked on burgerButton...t.....
14:29:40 [main] DEBUG org.apache.poi.openxml4j.opc.PackageRelationshipCollection - Parsing relationship: /xl/_rels/workbook.xml.rels
14:29:40 [main] DEBUG org.apache.poi.openxml4j.opc.PackageRelationshipCollection - Parsing relationship: /_rels/.rels
14:29:43 [main] INFO  testCase.LoginTest - Test started...
14:29:43 [main] DEBUG testCase.LoginTest - Entering Username .....
14:29:44 [main] DEBUG testCase.LoginTest - Entering password .....
14:29:44 [main] DEBUG testCase.LoginTest - Clicked on  loginbutton .....
14:29:49 [main] INFO  testCase.LoginTest - Test started...
14:29:49 [main] DEBUG testCase.LoginTest - Entering Username .....
14:29:59 [main] DEBUG testCase.LoginTest - Entering password .....
14:29:59 [main] DEBUG testCase.LoginTest - Clicked on  loginbutton .....
14:30:00 [main] INFO  testCase.LoginTest - Test started...
14:30:00 [main] DEBUG testCase.LoginTest - Entering Username .....
14:30:00 [main] DEBUG testCase.LoginTest - Entering password .....
14:30:01 [main] DEBUG testCase.LoginTest - Clicked on  loginbutton .....
14:30:01 [main] INFO  testCase.LoginTest - Test started...
14:30:01 [main] DEBUG testCase.LoginTest - Entering Username .....
14:30:02 [main] DEBUG testCase.LoginTest - Entering password .....
14:30:03 [main] DEBUG testCase.LoginTest - Clicked on  loginbutton .....
14:30:03 [main] DEBUG testCase.LoginTest - Adding item into Cart.....
14:32:53 [main] DEBUG testCase.LoginTest - Clicked on burgerButton...t.....
14:32:53 [main] DEBUG org.apache.poi.openxml4j.opc.PackageRelationshipCollection - Parsing relationship: /xl/_rels/workbook.xml.rels
14:32:53 [main] DEBUG org.apache.poi.openxml4j.opc.PackageRelationshipCollection - Parsing relationship: /_rels/.rels
14:32:56 [main] INFO  testCase.LoginTest - Test started...
14:32:56 [main] DEBUG testCase.LoginTest - Entering Username .....
14:32:56 [main] DEBUG testCase.LoginTest - Entering password .....
14:32:57 [main] DEBUG testCase.LoginTest - Clicked on  loginbutton .....
14:33:46 [main] INFO  testCase.LoginTest - Test started...
14:33:46 [main] DEBUG testCase.LoginTest - Entering Username .....
14:33:53 [main] DEBUG testCase.LoginTest - Entering password .....
14:33:54 [main] DEBUG testCase.LoginTest - Clicked on  loginbutton .....
14:33:54 [main] INFO  testCase.LoginTest - Test started...
14:33:54 [main] DEBUG testCase.LoginTest - Entering Username .....
14:33:54 [main] DEBUG testCase.LoginTest - Entering password .....
14:33:55 [main] DEBUG testCase.LoginTest - Clicked on  loginbutton .....
14:33:55 [main] INFO  testCase.LoginTest - Test started...
14:33:55 [main] DEBUG testCase.LoginTest - Entering Username .....
14:33:56 [main] DEBUG testCase.LoginTest - Entering password .....
14:33:56 [main] DEBUG testCase.LoginTest - Clicked on  loginbutton .....
14:33:56 [main] DEBUG testCase.LoginTest - Adding item into Cart.....
18:31:50 [main] DEBUG testCase.LoginTest - Clicked on burgerButton...t.....
18:31:51 [main] DEBUG org.apache.poi.openxml4j.opc.PackageRelationshipCollection - Parsing relationship: /xl/_rels/workbook.xml.rels
18:31:51 [main] DEBUG org.apache.poi.openxml4j.opc.PackageRelationshipCollection - Parsing relationship: /_rels/.rels
18:31:53 [main] INFO  testCase.LoginTest - Test started...
18:31:53 [main] DEBUG testCase.LoginTest - Entering Username .....
18:31:53 [main] DEBUG testCase.LoginTest - Entering password .....
18:31:53 [main] DEBUG testCase.LoginTest - Clicked on  loginbutton .....
18:31:55 [main] INFO  testCase.LoginTest - Test started...
18:31:55 [main] DEBUG testCase.LoginTest - Entering Username .....
18:32:05 [main] DEBUG testCase.LoginTest - Entering password .....
18:32:06 [main] DEBUG testCase.LoginTest - Clicked on  loginbutton .....
18:32:06 [main] INFO  testCase.LoginTest - Test started...
18:32:06 [main] DEBUG testCase.LoginTest - Entering Username .....
18:32:07 [main] DEBUG testCase.LoginTest - Entering password .....
18:32:07 [main] DEBUG testCase.LoginTest - Clicked on  loginbutton .....
18:32:08 [main] INFO  testCase.LoginTest - Test started...
18:32:08 [main] DEBUG testCase.LoginTest - Entering Username .....
18:32:08 [main] DEBUG testCase.LoginTest - Entering password .....
18:32:08 [main] DEBUG testCase.LoginTest - Clicked on  loginbutton .....
18:32:09 [main] DEBUG testCase.LoginTest - Adding item into Cart.....
18:37:49 [main] DEBUG testCase.LoginTest - Clicked on burgerButton...t.....
18:38:00 [main] DEBUG org.apache.poi.openxml4j.opc.PackageRelationshipCollection - Parsing relationship: /xl/_rels/workbook.xml.rels
18:38:00 [main] DEBUG org.apache.poi.openxml4j.opc.PackageRelationshipCollection - Parsing relationship: /_rels/.rels
18:38:03 [main] INFO  testCase.LoginTest - Test started...
18:38:03 [main] DEBUG testCase.LoginTest - Entering Username .....
18:38:03 [main] DEBUG testCase.LoginTest - Entering password .....
18:38:03 [main] DEBUG testCase.LoginTest - Clicked on  loginbutton .....
18:38:05 [main] INFO  testCase.LoginTest - Test started...
18:38:05 [main] DEBUG testCase.LoginTest - Entering Username .....
18:38:26 [main] INFO  testCase.LoginTest - Test started...
18:38:26 [main] DEBUG testCase.LoginTest - Entering Username .....
18:38:29 [main] DEBUG testCase.LoginTest - Entering password .....
18:38:29 [main] DEBUG testCase.LoginTest - Clicked on  loginbutton .....
18:38:30 [main] INFO  testCase.LoginTest - Test started...
18:38:30 [main] DEBUG testCase.LoginTest - Entering Username .....
18:38:35 [main] DEBUG testCase.LoginTest - Entering password .....
18:38:36 [main] DEBUG testCase.LoginTest - Clicked on  loginbutton .....
18:38:41 [main] DEBUG testCase.LoginTest - Adding item into Cart.....
18:38:41 [main] DEBUG testCase.LoginTest - Clicked on titlet.....
18:38:41 [main] DEBUG testCase.LoginTest - Verify the title.....
18:43:34 [main] DEBUG testCase.LoginTest - Clicked on burgerButton...t.....
18:43:45 [main] DEBUG org.apache.poi.openxml4j.opc.PackageRelationshipCollection - Parsing relationship: /xl/_rels/workbook.xml.rels
18:43:45 [main] DEBUG org.apache.poi.openxml4j.opc.PackageRelationshipCollection - Parsing relationship: /_rels/.rels
18:43:47 [main] INFO  testCase.LoginTest - Test started...
18:43:47 [main] DEBUG testCase.LoginTest - Entering Username .....
18:43:48 [main] DEBUG testCase.LoginTest - Entering password .....
18:43:48 [main] DEBUG testCase.LoginTest - Clicked on  loginbutton .....
18:43:51 [main] INFO  testCase.LoginTest - Test started...
18:43:51 [main] DEBUG testCase.LoginTest - Entering Username .....
18:44:02 [main] INFO  testCase.LoginTest - Test started...
18:44:02 [main] DEBUG testCase.LoginTest - Entering Username .....
18:44:02 [main] DEBUG testCase.LoginTest - Entering password .....
18:44:02 [main] DEBUG testCase.LoginTest - Clicked on  loginbutton .....
18:44:03 [main] INFO  testCase.LoginTest - Test started...
18:44:03 [main] DEBUG testCase.LoginTest - Entering Username .....
18:44:08 [main] DEBUG testCase.LoginTest - Entering password .....
18:44:08 [main] DEBUG testCase.LoginTest - Clicked on  loginbutton .....
18:44:14 [main] DEBUG testCase.LoginTest - Adding item into Cart.....
18:44:14 [main] DEBUG testCase.LoginTest - Clicked on titlet.....
18:44:14 [main] DEBUG testCase.LoginTest - Verify the title.....
18:47:29 [main] DEBUG testCase.LoginTest - Clicked on burgerButton...t.....
18:47:40 [main] DEBUG org.apache.poi.openxml4j.opc.PackageRelationshipCollection - Parsing relationship: /xl/_rels/workbook.xml.rels
18:47:40 [main] DEBUG org.apache.poi.openxml4j.opc.PackageRelationshipCollection - Parsing relationship: /_rels/.rels
18:47:42 [main] INFO  testCase.LoginTest - Test started...
18:47:42 [main] DEBUG testCase.LoginTest - Entering Username .....
18:47:43 [main] DEBUG testCase.LoginTest - Entering password .....
18:47:43 [main] DEBUG testCase.LoginTest - Clicked on  loginbutton .....
18:47:45 [main] INFO  testCase.LoginTest - Test started...
18:47:45 [main] DEBUG testCase.LoginTest - Entering Username .....
18:47:57 [main] INFO  testCase.LoginTest - Test started...
18:47:57 [main] DEBUG testCase.LoginTest - Entering Username .....
18:47:57 [main] DEBUG testCase.LoginTest - Entering password .....
18:47:57 [main] DEBUG testCase.LoginTest - Clicked on  loginbutton .....
18:47:58 [main] INFO  testCase.LoginTest - Test started...
18:47:58 [main] DEBUG testCase.LoginTest - Entering Username .....
18:48:06 [main] DEBUG testCase.LoginTest - Entering password .....
18:48:06 [main] DEBUG testCase.LoginTest - Clicked on  loginbutton .....
18:48:11 [main] DEBUG testCase.LoginTest - Adding item into Cart.....
18:48:12 [main] DEBUG testCase.LoginTest - Clicked on titlet.....
18:48:12 [main] DEBUG testCase.LoginTest - Verify the title.....
18:50:51 [main] DEBUG testCase.LoginTest - Clicked on burgerButton...t.....
18:51:12 [main] DEBUG org.apache.poi.openxml4j.opc.PackageRelationshipCollection - Parsing relationship: /xl/_rels/workbook.xml.rels
18:51:12 [main] DEBUG org.apache.poi.openxml4j.opc.PackageRelationshipCollection - Parsing relationship: /_rels/.rels
18:51:13 [main] INFO  testCase.LoginTest - Test started...
18:51:13 [main] DEBUG testCase.LoginTest - Entering Username .....
18:51:14 [main] DEBUG testCase.LoginTest - Entering password .....
18:51:14 [main] DEBUG testCase.LoginTest - Clicked on  loginbutton .....
18:51:16 [main] INFO  testCase.LoginTest - Test started...
18:51:16 [main] DEBUG testCase.LoginTest - Entering Username .....
18:51:37 [main] INFO  testCase.LoginTest - Test started...
18:51:37 [main] DEBUG testCase.LoginTest - Entering Username .....
18:51:57 [main] INFO  testCase.LoginTest - Test started...
18:51:57 [main] DEBUG testCase.LoginTest - Entering Username .....
18:52:16 [main] DEBUG testCase.LoginTest - Adding item into Cart.....
18:54:28 [main] DEBUG testCase.LoginTest - Clicked on burgerButton...t.....
18:54:49 [main] DEBUG org.apache.poi.openxml4j.opc.PackageRelationshipCollection - Parsing relationship: /xl/_rels/workbook.xml.rels
18:54:49 [main] DEBUG org.apache.poi.openxml4j.opc.PackageRelationshipCollection - Parsing relationship: /_rels/.rels
18:54:51 [main] INFO  testCase.LoginTest - Test started...
18:54:51 [main] DEBUG testCase.LoginTest - Entering Username .....
18:54:51 [main] DEBUG testCase.LoginTest - Entering password .....
18:54:51 [main] DEBUG testCase.LoginTest - Clicked on  loginbutton .....
18:54:54 [main] INFO  testCase.LoginTest - Test started...
18:54:54 [main] DEBUG testCase.LoginTest - Entering Username .....
18:55:02 [main] DEBUG testCase.LoginTest - Entering password .....
18:55:03 [main] DEBUG testCase.LoginTest - Clicked on  loginbutton .....
18:55:03 [main] INFO  testCase.LoginTest - Test started...
18:55:03 [main] DEBUG testCase.LoginTest - Entering Username .....
18:55:03 [main] DEBUG testCase.LoginTest - Entering password .....
18:55:03 [main] DEBUG testCase.LoginTest - Clicked on  loginbutton .....
18:55:04 [main] INFO  testCase.LoginTest - Test started...
18:55:04 [main] DEBUG testCase.LoginTest - Entering Username .....
18:55:04 [main] DEBUG testCase.LoginTest - Entering password .....
18:55:04 [main] DEBUG testCase.LoginTest - Clicked on  loginbutton .....
